<?xml version="1.0" encoding="UTF-8"?>
<testng-results total="1" passed="1" failed="0" skipped="0">
  <reporter-output>
  </reporter-output>
  <suite started-at="2021-07-15T23:00:01Z" name="Banking App TestCases" finished-at="2021-07-15T23:00:20Z" duration-ms="18802">
    <groups>
    </groups>
    <test started-at="2021-07-15T23:00:01Z" name="Regression Test" finished-at="2021-07-15T23:00:20Z" duration-ms="18802">
      <class name="test.LoginTest">
        <test-method is-config="true" signature="setup()[pri:0, instance:test.LoginTest@5d43661b]" started-at="2021-07-15T23:00:01Z" name="setup" finished-at="2021-07-15T23:00:08Z" duration-ms="6676" status="PASS">
        </test-method> <!-- setup -->
        <test-method signature="Testcase1(java.lang.String, java.lang.String)[pri:0, instance:test.LoginTest@5d43661b]" started-at="2021-07-15T23:00:08Z" name="Testcase1" finished-at="2021-07-15T23:00:19Z" duration-ms="11211" status="PASS">
          <params>
            <param index="0">
              <value>
                <![CDATA[abc@xyz.com]]>
              </value>
            </param>
            <param index="1">
              <value>
                <![CDATA[12345Abcd]]>
              </value>
            </param>
          </params>
        </test-method> <!-- Testcase1 -->
        <test-method is-config="true" signature="cleanup()[pri:0, instance:test.LoginTest@5d43661b]" started-at="2021-07-15T23:00:19Z" name="cleanup" finished-at="2021-07-15T23:00:20Z" duration-ms="877" status="PASS">
        </test-method> <!-- cleanup -->
      </class> <!-- test.LoginTest -->
    </test> <!-- Regression Test -->
  </suite> <!-- Banking App TestCases -->
</testng-results>
